This is pdfTeX, Version 3.14159265-2.6-1.40.18 (TeX Live 2017) (preloaded format=pdflatex 2017.12.22)  22 DEC 2017 12:16
entering extended mode
 restricted \write18 enabled.
 %&-line parsing enabled.
**2015.tex
(./2015.tex
LaTeX2e <2017-04-15>
Babel <3.10> and hyphenation patterns for 22 language(s) loaded.
(/usr/local/texlive/2017basic/texmf-dist/tex/latex/koma-script/scrbook.cls
Document Class: scrbook 2017/09/07 v3.24 KOMA-Script document class (book)
(/usr/local/texlive/2017basic/texmf-dist/tex/latex/koma-script/scrkbase.sty
Package: scrkbase 2017/09/07 v3.24 KOMA-Script package (KOMA-Script-dependent b
asics and keyval usage)

(/usr/local/texlive/2017basic/texmf-dist/tex/latex/koma-script/scrbase.sty
Package: scrbase 2017/09/07 v3.24 KOMA-Script package (KOMA-Script-independent 
basics and keyval usage)

(/usr/local/texlive/2017basic/texmf-dist/tex/latex/graphics/keyval.sty
Package: keyval 2014/10/28 v1.15 key=value parser (DPC)
\KV@toks@=\toks14
)
(/usr/local/texlive/2017basic/texmf-dist/tex/latex/koma-script/scrlfile.sty
Package: scrlfile 2017/09/07 v3.24 KOMA-Script package (loading files)
)))
(/usr/local/texlive/2017basic/texmf-dist/tex/latex/koma-script/tocbasic.sty
Package: tocbasic 2017/09/07 v3.24 KOMA-Script package (handling toc-files)
\scr@dte@tocline@numberwidth=\skip41
\scr@dte@tocline@numbox=\box26
)
Package tocbasic Info: omitting babel extension for `toc'
(tocbasic)             because of feature `nobabel' available
(tocbasic)             for `toc' on input line 135.
Package tocbasic Info: omitting babel extension for `lof'
(tocbasic)             because of feature `nobabel' available
(tocbasic)             for `lof' on input line 137.
Package tocbasic Info: omitting babel extension for `lot'
(tocbasic)             because of feature `nobabel' available
(tocbasic)             for `lot' on input line 138.
Package tocbasic Info: defining new hook before heading of `' on input line 162
3.
Class scrbook Info: File `scrsize12pt.clo' used to setup font sizes on input li
ne 2296.

(/usr/local/texlive/2017basic/texmf-dist/tex/latex/koma-script/scrsize12pt.clo
File: scrsize12pt.clo 2017/09/07 v3.24 KOMA-Script font size class option (12pt
)
) (/usr/local/texlive/2017basic/texmf-dist/tex/latex/koma-script/typearea.sty
Package: typearea 2017/09/07 v3.24 KOMA-Script package (type area)
\ta@bcor=\skip42
\ta@div=\count79
\ta@hblk=\skip43
\ta@vblk=\skip44
\ta@temp=\skip45
\footheight=\skip46
Package typearea Info: These are the values describing the layout:
(typearea)             DIV  = 30
(typearea)             BCOR = 56.9055pt
(typearea)             \paperwidth      = 597.50793pt
(typearea)              \textwidth      = 486.54219pt
(typearea)              DIV departure   = -15%
(typearea)              \evensidemargin = -36.22983pt
(typearea)              \oddsidemargin  = 2.6556pt
(typearea)             \paperheight     = 845.04694pt
(typearea)              \textheight     = 766.0pt
(typearea)              \topmargin      = -83.97676pt
(typearea)              \headheight     = 18.125pt
(typearea)              \headsep        = 21.75pt
(typearea)              \topskip        = 12.0pt
(typearea)              \footskip       = 50.75pt
(typearea)              \baselineskip   = 14.5pt
(typearea)              on input line 1686.


Package typearea Warning: page content and margins higher than paper.
(typearea)                This may result in page footer out of paper.
(typearea)                You should decrease DIV, decrease foot height,
(typearea)                or include footer into type area.

)
\c@part=\count80
\c@chapter=\count81
\c@section=\count82
\c@subsection=\count83
\c@subsubsection=\count84
\c@paragraph=\count85
\c@subparagraph=\count86
\scr@dte@part@maxnumwidth=\skip47
\scr@dte@chapter@maxnumwidth=\skip48
\scr@dte@section@maxnumwidth=\skip49
\scr@dte@subsection@maxnumwidth=\skip50
\scr@dte@subsubsection@maxnumwidth=\skip51
\scr@dte@paragraph@maxnumwidth=\skip52
\scr@dte@subparagraph@maxnumwidth=\skip53
LaTeX Info: Redefining \textsubscript on input line 4966.
\abovecaptionskip=\skip54
\belowcaptionskip=\skip55
\c@pti@nb@sid@b@x=\box27
\c@figure=\count87
\c@table=\count88
Class scrbook Info: Redefining `\numberline' on input line 6142.
\bibindent=\dimen102
) (/usr/local/texlive/2017basic/texmf-dist/tex/latex/tools/tabularx.sty
Package: tabularx 2016/02/03 v2.11 `tabularx' package (DPC)

(/usr/local/texlive/2017basic/texmf-dist/tex/latex/tools/array.sty
Package: array 2016/10/06 v2.4d Tabular extension package (FMi)
\col@sep=\dimen103
\extrarowheight=\dimen104
\NC@list=\toks15
\extratabsurround=\skip56
\backup@length=\skip57
)
\TX@col@width=\dimen105
\TX@old@table=\dimen106
\TX@old@col=\dimen107
\TX@target=\dimen108
\TX@delta=\dimen109
\TX@cols=\count89
\TX@ftn=\toks16
)
(/usr/local/texlive/2017basic/texmf-dist/tex/latex/booktabs/booktabs.sty
Package: booktabs 2016/04/27 v1.618033 publication quality tables
\heavyrulewidth=\dimen110
\lightrulewidth=\dimen111
\cmidrulewidth=\dimen112
\belowrulesep=\dimen113
\belowbottomsep=\dimen114
\aboverulesep=\dimen115
\abovetopsep=\dimen116
\cmidrulesep=\dimen117
\cmidrulekern=\dimen118
\defaultaddspace=\dimen119
\@cmidla=\count90
\@cmidlb=\count91
\@aboverulesep=\dimen120
\@belowrulesep=\dimen121
\@thisruleclass=\count92
\@lastruleclass=\count93
\@thisrulewidth=\dimen122
)
(/usr/local/texlive/2017basic/texmf-dist/tex/latex/multirow/multirow.sty
Package: multirow 2016/11/25 v2.2 Span multiple rows of a table
\multirow@colwidth=\skip58
\multirow@cntb=\count94
\multirow@dima=\skip59
\bigstrutjot=\dimen123
)
\counter=\count95
\startdate=\count96
\starttime=\count97
\stoptime=\count98
\sundaybegin=\count99
\week=\count100
\datemonday=\count101
\datetuesday=\count102
\datewednesday=\count103
\datethursday=\count104
\datefriday=\count105
\datesaturday=\count106
\datesunday=\count107

(./2015.aux)
\openout1 = `2015.aux'.

LaTeX Font Info:    Checking defaults for OML/cmm/m/it on input line 63.
LaTeX Font Info:    ... okay on input line 63.
LaTeX Font Info:    Checking defaults for T1/cmr/m/n on input line 63.
LaTeX Font Info:    ... okay on input line 63.
LaTeX Font Info:    Checking defaults for OT1/cmr/m/n on input line 63.
LaTeX Font Info:    ... okay on input line 63.
LaTeX Font Info:    Checking defaults for OMS/cmsy/m/n on input line 63.
LaTeX Font Info:    ... okay on input line 63.
LaTeX Font Info:    Checking defaults for OMX/cmex/m/n on input line 63.
LaTeX Font Info:    ... okay on input line 63.
LaTeX Font Info:    Checking defaults for U/cmr/m/n on input line 63.
LaTeX Font Info:    ... okay on input line 63.
 [1

]
\sundaystop=\count108
 [2

{/usr/local/texlive/2017basic/texmf-var/fonts/map/pdftex/updmap/pdftex.map}] [3

]
\sundaystop=\count109
 [4

] [5

]
\sundaystop=\count110
 [6

] [7

]
\sundaystop=\count111
 [8

] [9

]
\sundaystop=\count112
 [10

] [11

]
\sundaystop=\count113
 [12

] [13

]
\sundaystop=\count114
 [14

] [15

]
\sundaystop=\count115

[16

] [17

]
\sundaystop=\count116
 [18

] [19

]
\sundaystop=\count117
 [20

] [21

]
\sundaystop=\count118
 [22

] [23

]
\sundaystop=\count119
 [24

] [25

]
\sundaystop=\count120
 [26

] [27

]
\sundaystop=\count121
 [28

] [29

]
\sundaystop=\count122
 [30

]
[31

]
\sundaystop=\count123
 [32

] [33

]
\sundaystop=\count124
 [34

] [35

]
\sundaystop=\count125
 [36

] [37

]
\sundaystop=\count126
 [38

] [39

]
\sundaystop=\count127
 [40

] [41

]
\sundaystop=\count128
 [42

] [43

]
\sundaystop=\count129
 [44

] [45

]
\sundaystop=\count130

[46

] [47

]
\sundaystop=\count131
 [48

] [49

]
\sundaystop=\count132
 [50

] [51

]
\sundaystop=\count133
 [52

] [53

]
\sundaystop=\count134
 [54

] [55

]
\sundaystop=\count135
 [56

] [57

]
\sundaystop=\count136
 [58

] [59

]
\sundaystop=\count137
 [60

]
[61

]
\sundaystop=\count138
 [62

] [63

]
\sundaystop=\count139
 [64

] [65

]
\sundaystop=\count140
 [66

] [67

]
\sundaystop=\count141
 [68

] [69

]
\sundaystop=\count142
 [70

] [71

]
\sundaystop=\count143
 [72

] [73

]
\sundaystop=\count144
 [74

] [75

]
\sundaystop=\count145

[76

] [77

]
\sundaystop=\count146
 [78

] [79

]
\sundaystop=\count147
 [80

] [81

]
\sundaystop=\count148
 [82

] [83

]
\sundaystop=\count149
 [84

] [85

]
\sundaystop=\count150
 [86

] [87

]
\sundaystop=\count151
 [88

] [89

]
\sundaystop=\count152
 [90

]
[91

]
\sundaystop=\count153
 [92

] [93

]
\sundaystop=\count154
 [94

] [95

]
\sundaystop=\count155
 [96

] [97

]
\sundaystop=\count156
 [98

] [99

]
\sundaystop=\count157
 [100

] [101

]
\sundaystop=\count158
 [102

] [103

]
\sundaystop=\count159
 [104

]
[105

] (./2015.aux) ) 
Here is how much of TeX's memory you used:
 2436 strings out of 494437
 45038 string characters out of 6166644
 238308 words of memory out of 5000000
 5822 multiletter control sequences out of 15000+600000
 7587 words of font info for 27 fonts, out of 8000000 for 9000
 319 hyphenation exceptions out of 8191
 41i,10n,66p,8858b,207s stack positions out of 5000i,500n,10000p,200000b,80000s
</usr/local/texlive/2017basic/texmf-dist/fonts/type1/public/ams
fonts/cm/cmbx12.pfb></usr/local/texlive/2017basic/texmf-dist/fonts/type1/public
/amsfonts/cm/cmr12.pfb>
Output written on 2015.pdf (105 pages, 132847 bytes).
PDF statistics:
 351 PDF objects out of 1000 (max. 8388607)
 239 compressed objects within 3 object streams
 0 named destinations out of 1000 (max. 500000)
 1 words of extra memory for PDF output out of 10000 (max. 10000000)

